slurmstepd: error: Unable to create TMPDIR [/local_scratch/15364350]: Permission denied
slurmstepd: error: Setting TMPDIR to /tmp
Sourcing SBCI config file
Begin processing SBCI grid: Thu Mar 16 17:31:49 EDT 2023
Saving /scratch/ywang330/SBCI_AVG/lh_white_avg.vtk as a surface
Saving /scratch/ywang330/SBCI_AVG/rh_white_avg.vtk as a surface
Saving /scratch/ywang330/SBCI_AVG/lh_sphere_avg.vtk as a surface
Saving /scratch/ywang330/SBCI_AVG/rh_sphere_avg.vtk as a surface
Saving /scratch/ywang330/SBCI_AVG/lh_inflated_avg.vtk as a surface
Saving /scratch/ywang330/SBCI_AVG/rh_inflated_avg.vtk as a surface
/home/ywang330/.conda/envs/sbci/lib/python2.7/site-packages/vtk/util/numpy_support.py:137: FutureWarning: Conversion of the second argument of issubdtype from `complex` to `np.complexfloating` is deprecated. In future, it will be treated as `np.complex128 == np.dtype(complex).type`.
  assert not numpy.issubdtype(z.dtype, complex), \
/home/ywang330/.conda/envs/sbci/lib/python2.7/site-packages/vtk/util/numpy_support.py:137: FutureWarning: Conversion of the second argument of issubdtype from `complex` to `np.complexfloating` is deprecated. In future, it will be treated as `np.complex128 == np.dtype(complex).type`.
  assert not numpy.issubdtype(z.dtype, complex), \
/home/ywang330/.conda/envs/sbci/lib/python2.7/site-packages/vtk/util/numpy_support.py:137: FutureWarning: Conversion of the second argument of issubdtype from `complex` to `np.complexfloating` is deprecated. In future, it will be treated as `np.complex128 == np.dtype(complex).type`.
  assert not numpy.issubdtype(z.dtype, complex), \
/home/ywang330/.conda/envs/sbci/lib/python2.7/site-packages/vtk/util/numpy_support.py:137: FutureWarning: Conversion of the second argument of issubdtype from `complex` to `np.complexfloating` is deprecated. In future, it will be treated as `np.complex128 == np.dtype(complex).type`.
  assert not numpy.issubdtype(z.dtype, complex), \
/home/ywang330/.conda/envs/sbci/lib/python2.7/site-packages/vtk/util/numpy_support.py:137: FutureWarning: Conversion of the second argument of issubdtype from `complex` to `np.complexfloating` is deprecated. In future, it will be treated as `np.complex128 == np.dtype(complex).type`.
  assert not numpy.issubdtype(z.dtype, complex), \
/home/ywang330/.conda/envs/sbci/lib/python2.7/site-packages/vtk/util/numpy_support.py:137: FutureWarning: Conversion of the second argument of issubdtype from `complex` to `np.complexfloating` is deprecated. In future, it will be treated as `np.complex128 == np.dtype(complex).type`.
  assert not numpy.issubdtype(z.dtype, complex), \
INFO:root:Resampling to icosphere resolution: 4.
INFO:root:Loading and resampling .vtk surface.
INFO:root:Merged 0 points during triangulation.
INFO:root:Loading and resampling .vtk surface.
INFO:root:Merged 0 points during triangulation.
INFO:root:Loading .vtk surfaces, mapping, and intersections.
INFO:root:Snapping mesh to nearest downsampled vertices.
INFO:root:Loading and resampling .vtk surface.
INFO:root:Loading and resampling .vtk surface.
INFO:root:Loading and converting the .vtk surface.
INFO:root:Loading and converting the .vtk surface.
INFO:root:Loading and normalising the .m surface.
INFO:root:Loading and normalising the .m surface.
INFO:root:Loading and normalising the .vtk surface.
INFO:root:Loading and normalising the .vtk surface.
INFO:root:Loading and normalising the .vtk surface.
INFO:root:Loading and normalising the .vtk surface.
Processing Parcellation: aparc.a2005s
INFO:root:Number of LH vertices: 2562
INFO:root:Number of RH vertices: 2562
INFO:root:Number of LH ROIs: 77
INFO:root:Number of RH ROIs: 78
Processing Parcellation: aparc.a2009s
INFO:root:Number of LH vertices: 2562
INFO:root:Number of RH vertices: 2562
INFO:root:Number of LH ROIs: 75
INFO:root:Number of RH ROIs: 75
Processing Parcellation: aparc
INFO:root:Number of LH vertices: 2562
INFO:root:Number of RH vertices: 2562
INFO:root:Number of LH ROIs: 35
INFO:root:Number of RH ROIs: 35
Processing Parcellation: BN_Atlas
INFO:root:Number of LH vertices: 2562
INFO:root:Number of RH vertices: 2562
INFO:root:Number of LH ROIs: 107
INFO:root:Number of RH ROIs: 106
Processing Parcellation: HCPMMP1
INFO:root:Number of LH vertices: 2562
INFO:root:Number of RH vertices: 2562
INFO:root:Number of LH ROIs: 181
INFO:root:Number of RH ROIs: 181
Processing Parcellation: oasis.chubs
INFO:root:Number of LH vertices: 2562
INFO:root:Number of RH vertices: 2562
INFO:root:Number of LH ROIs: 9
INFO:root:Number of RH ROIs: 9
Processing Parcellation: PALS_B12_Brodmann
INFO:root:Number of LH vertices: 2562
INFO:root:Number of RH vertices: 2562
INFO:root:Number of LH ROIs: 42
INFO:root:Number of RH ROIs: 41
Processing Parcellation: PALS_B12_Lobes
INFO:root:Number of LH vertices: 2562
INFO:root:Number of RH vertices: 2562
INFO:root:Number of LH ROIs: 6
INFO:root:Number of RH ROIs: 6
Processing Parcellation: PALS_B12_OrbitoFrontal
INFO:root:Number of LH vertices: 2562
INFO:root:Number of RH vertices: 2562
INFO:root:Number of LH ROIs: 24
INFO:root:Number of RH ROIs: 25
Processing Parcellation: PALS_B12_Visuotopic
INFO:root:Number of LH vertices: 2562
INFO:root:Number of RH vertices: 2562
INFO:root:Number of LH ROIs: 13
INFO:root:Number of RH ROIs: 13
Processing Parcellation: Schaefer2018_200Parcels_7Networks_order
INFO:root:Number of LH vertices: 2562
INFO:root:Number of RH vertices: 2562
INFO:root:Number of LH ROIs: 101
INFO:root:Number of RH ROIs: 101
Processing Parcellation: Yeo2011_17Networks_N1000
INFO:root:Number of LH vertices: 2562
INFO:root:Number of RH vertices: 2562
INFO:root:Number of LH ROIs: 18
INFO:root:Number of RH ROIs: 18
Processing Parcellation: Yeo2011_7Networks_N1000
INFO:root:Number of LH vertices: 2562
INFO:root:Number of RH vertices: 2562
INFO:root:Number of LH ROIs: 8
INFO:root:Number of RH ROIs: 8
Finished processing SBCI grid: Thu Mar 16 17:34:16 EDT 2023
